# JRE version: OpenJDK Runtime Environment (8.0_242-b01) (build 1.8.0_242-release-1644-b01)
# Java VM: OpenJDK 64-Bit Server VM (25.242-b01 mixed mode windows-amd64 compressed oops)
Heap:
 PSYoungGen      total 513024K, used 331352K [0x00000000d5580000, 0x00000000f9c80000, 0x0000000100000000)
  eden space 477184K, 65% used [0x00000000d5580000,0x00000000e86b0df0,0x00000000f2780000)
  from space 35840K, 52% used [0x00000000f2780000,0x00000000f39e5248,0x00000000f4a80000)
  to   space 36352K, 0% used [0x00000000f4a80000,0x00000000f4a80000,0x00000000f6e00000)
 ParOldGen       total 151552K, used 58148K [0x0000000080000000, 0x0000000089400000, 0x00000000d5580000)
  object space 151552K, 38% used [0x0000000080000000,0x00000000838c9390,0x0000000089400000)
 Metaspace       used 102313K, capacity 107500K, committed 107724K, reserved 1142784K
  class space    used 13201K, capacity 14292K, committed 14336K, reserved 1048576K
GC Heap History (10 events):
Event: 33.094 GC heap before
{Heap before GC invocations=19 (full 3):
 PSYoungGen      total 316416K, used 300032K [0x00000000d5580000, 0x00000000f0d00000, 0x0000000100000000)
  eden space 300032K, 100% used [0x00000000d5580000,0x00000000e7a80000,0x00000000e7a80000)
  from space 16384K, 0% used [0x00000000e7a80000,0x00000000e7a80000,0x00000000e8a80000)
  to   space 15872K, 0% used [0x00000000efd80000,0x00000000efd80000,0x00000000f0d00000)
 ParOldGen       total 101888K, used 31293K [0x0000000080000000, 0x0000000086380000, 0x00000000d5580000)
  object space 101888K, 30% used [0x0000000080000000,0x0000000081e8f558,0x0000000086380000)
 Metaspace       used 72852K, capacity 76258K, committed 76376K, reserved 1116160K
  class space    used 9844K, capacity 10512K, committed 10624K, reserved 1048576K
Event: 33.190 GC heap after
Heap after GC invocations=19 (full 3):
 PSYoungGen      total 415232K, used 15865K [0x00000000d5580000, 0x00000000f0d00000, 0x0000000100000000)
  eden space 399360K, 0% used [0x00000000d5580000,0x00000000d5580000,0x00000000edb80000)
  from space 15872K, 99% used [0x00000000efd80000,0x00000000f0cfe588,0x00000000f0d00000)
  to   space 23040K, 0% used [0x00000000ee000000,0x00000000ee000000,0x00000000ef680000)
 ParOldGen       total 101888K, used 44061K [0x0000000080000000, 0x0000000086380000, 0x00000000d5580000)
  object space 101888K, 43% used [0x0000000080000000,0x0000000082b077f0,0x0000000086380000)
 Metaspace       used 72852K, capacity 76258K, committed 76376K, reserved 1116160K
  class space    used 9844K, capacity 10512K, committed 10624K, reserved 1048576K
}
Event: 175.239 GC heap before
{Heap before GC invocations=20 (full 3):
 PSYoungGen      total 415232K, used 415225K [0x00000000d5580000, 0x00000000f0d00000, 0x0000000100000000)
  eden space 399360K, 100% used [0x00000000d5580000,0x00000000edb80000,0x00000000edb80000)
  from space 15872K, 99% used [0x00000000efd80000,0x00000000f0cfe588,0x00000000f0d00000)
  to   space 23040K, 0% used [0x00000000ee000000,0x00000000ee000000,0x00000000ef680000)
 ParOldGen       total 101888K, used 44061K [0x0000000080000000, 0x0000000086380000, 0x00000000d5580000)
  object space 101888K, 43% used [0x0000000080000000,0x0000000082b077f0,0x0000000086380000)
 Metaspace       used 91052K, capacity 95680K, committed 95960K, reserved 1132544K
  class space    used 12045K, capacity 13000K, committed 13056K, reserved 1048576K
Event: 175.309 GC heap after
Heap after GC invocations=20 (full 3):
 PSYoungGen      total 427008K, used 23009K [0x00000000d5580000, 0x00000000f6e00000, 0x0000000100000000)
  eden space 403968K, 0% used [0x00000000d5580000,0x00000000d5580000,0x00000000ee000000)
  from space 23040K, 99% used [0x00000000ee000000,0x00000000ef6784e8,0x00000000ef680000)
  to   space 36352K, 0% used [0x00000000f4a80000,0x00000000f4a80000,0x00000000f6e00000)
 ParOldGen       total 101888K, used 70090K [0x0000000080000000, 0x0000000086380000, 0x00000000d5580000)
  object space 101888K, 68% used [0x0000000080000000,0x0000000084472af8,0x0000000086380000)
 Metaspace       used 91052K, capacity 95680K, committed 95960K, reserved 1132544K
  class space    used 12045K, capacity 13000K, committed 13056K, reserved 1048576K
}
Event: 175.969 GC heap before
{Heap before GC invocations=21 (full 3):
 PSYoungGen      total 427008K, used 55966K [0x00000000d5580000, 0x00000000f6e00000, 0x0000000100000000)
  eden space 403968K, 8% used [0x00000000d5580000,0x00000000d75af578,0x00000000ee000000)
  from space 23040K, 99% used [0x00000000ee000000,0x00000000ef6784e8,0x00000000ef680000)
  to   space 36352K, 0% used [0x00000000f4a80000,0x00000000f4a80000,0x00000000f6e00000)
 ParOldGen       total 101888K, used 70090K [0x0000000080000000, 0x0000000086380000, 0x00000000d5580000)
  object space 101888K, 68% used [0x0000000080000000,0x0000000084472af8,0x0000000086380000)
 Metaspace       used 93497K, capacity 98218K, committed 98380K, reserved 1134592K
  class space    used 12349K, capacity 13369K, committed 13440K, reserved 1048576K
Event: 176.064 GC heap after
Heap after GC invocations=21 (full 3):
 PSYoungGen      total 513536K, used 3690K [0x00000000d5580000, 0x00000000f9c80000, 0x0000000100000000)
  eden space 477184K, 0% used [0x00000000d5580000,0x00000000d5580000,0x00000000f2780000)
  from space 36352K, 10% used [0x00000000f4a80000,0x00000000f4e1aa30,0x00000000f6e00000)
  to   space 35840K, 0% used [0x00000000f2780000,0x00000000f2780000,0x00000000f4a80000)
 ParOldGen       total 101888K, used 89732K [0x0000000080000000, 0x0000000086380000, 0x00000000d5580000)
  object space 101888K, 88% used [0x0000000080000000,0x00000000857a1000,0x0000000086380000)
 Metaspace       used 93497K, capacity 98218K, committed 98380K, reserved 1134592K
  class space    used 12349K, capacity 13369K, committed 13440K, reserved 1048576K
}
Event: 176.064 GC heap before
{Heap before GC invocations=22 (full 4):
 PSYoungGen      total 513536K, used 3690K [0x00000000d5580000, 0x00000000f9c80000, 0x0000000100000000)
  eden space 477184K, 0% used [0x00000000d5580000,0x00000000d5580000,0x00000000f2780000)
  from space 36352K, 10% used [0x00000000f4a80000,0x00000000f4e1aa30,0x00000000f6e00000)
  to   space 35840K, 0% used [0x00000000f2780000,0x00000000f2780000,0x00000000f4a80000)
 ParOldGen       total 101888K, used 89732K [0x0000000080000000, 0x0000000086380000, 0x00000000d5580000)
  object space 101888K, 88% used [0x0000000080000000,0x00000000857a1000,0x0000000086380000)
 Metaspace       used 93497K, capacity 98218K, committed 98380K, reserved 1134592K
  class space    used 12349K, capacity 13369K, committed 13440K, reserved 1048576K
Event: 176.487 GC heap after
Heap after GC invocations=22 (full 4):
 PSYoungGen      total 513536K, used 0K [0x00000000d5580000, 0x00000000f9c80000, 0x0000000100000000)
  eden space 477184K, 0% used [0x00000000d5580000,0x00000000d5580000,0x00000000f2780000)
  from space 36352K, 0% used [0x00000000f4a80000,0x00000000f4a80000,0x00000000f6e00000)
  to   space 35840K, 0% used [0x00000000f2780000,0x00000000f2780000,0x00000000f4a80000)
 ParOldGen       total 151552K, used 58132K [0x0000000080000000, 0x0000000089400000, 0x00000000d5580000)
  object space 151552K, 38% used [0x0000000080000000,0x00000000838c5390,0x0000000089400000)
 Metaspace       used 93345K, capacity 97756K, committed 98380K, reserved 1134592K
  class space    used 12301K, capacity 13262K, committed 13440K, reserved 1048576K
}
Event: 1715.730 GC heap before
{Heap before GC invocations=23 (full 4):
 PSYoungGen      total 513536K, used 477184K [0x00000000d5580000, 0x00000000f9c80000, 0x0000000100000000)
  eden space 477184K, 100% used [0x00000000d5580000,0x00000000f2780000,0x00000000f2780000)
  from space 36352K, 0% used [0x00000000f4a80000,0x00000000f4a80000,0x00000000f6e00000)
  to   space 35840K, 0% used [0x00000000f2780000,0x00000000f2780000,0x00000000f4a80000)
 ParOldGen       total 151552K, used 58132K [0x0000000080000000, 0x0000000089400000, 0x00000000d5580000)
  object space 151552K, 38% used [0x0000000080000000,0x00000000838c5390,0x0000000089400000)
 Metaspace       used 97382K, capacity 102232K, committed 102348K, reserved 1138688K
  class space    used 12664K, capacity 13722K, committed 13824K, reserved 1048576K
Event: 1716.289 GC heap after
Heap after GC invocations=23 (full 4):
 PSYoungGen      total 513024K, used 18836K [0x00000000d5580000, 0x00000000f9c80000, 0x0000000100000000)
  eden space 477184K, 0% used [0x00000000d5580000,0x00000000d5580000,0x00000000f2780000)
  from space 35840K, 52% used [0x00000000f2780000,0x00000000f39e5248,0x00000000f4a80000)
  to   space 36352K, 0% used [0x00000000f4a80000,0x00000000f4a80000,0x00000000f6e00000)
 ParOldGen       total 151552K, used 58148K [0x0000000080000000, 0x0000000089400000, 0x00000000d5580000)
  object space 151552K, 38% used [0x0000000080000000,0x00000000838c9390,0x0000000089400000)
 Metaspace       used 97382K, capacity 102232K, committed 102348K, reserved 1138688K
  class space    used 12664K, capacity 13722K, committed 13824K, reserved 1048576K
}

