# JRE version: OpenJDK Runtime Environment (8.0_242-b01) (build 1.8.0_242-release-1644-b01)
# Java VM: OpenJDK 64-Bit Server VM (25.242-b01 mixed mode windows-amd64 compressed oops)
Heap:
 PSYoungGen      total 260096K, used 186560K [0x00000000d5580000, 0x00000000e9880000, 0x0000000100000000)
  eden space 236032K, 71% used [0x00000000d5580000,0x00000000df97f9e0,0x00000000e3c00000)
  from space 24064K, 77% used [0x00000000e3c00000,0x00000000e4e30660,0x00000000e5380000)
  to   space 25600K, 0% used [0x00000000e7f80000,0x00000000e7f80000,0x00000000e9880000)
 ParOldGen       total 124928K, used 41652K [0x0000000080000000, 0x0000000087a00000, 0x00000000d5580000)
  object space 124928K, 33% used [0x0000000080000000,0x00000000828ad048,0x0000000087a00000)
 Metaspace       used 76842K, capacity 80390K, committed 80664K, reserved 1118208K
  class space    used 10313K, capacity 10976K, committed 11040K, reserved 1048576K
GC Heap History (10 events):
Event: 14.965 GC heap before
{Heap before GC invocations=14 (full 2):
 PSYoungGen      total 170496K, used 58825K [0x00000000d5580000, 0x00000000e3a00000, 0x0000000100000000)
  eden space 158208K, 29% used [0x00000000d5580000,0x00000000d82f74b8,0x00000000df000000)
  from space 12288K, 99% used [0x00000000df000000,0x00000000dfbfb2f0,0x00000000dfc00000)
  to   space 17920K, 0% used [0x00000000e2880000,0x00000000e2880000,0x00000000e3a00000)
 ParOldGen       total 77824K, used 29009K [0x0000000080000000, 0x0000000084c00000, 0x00000000d5580000)
  object space 77824K, 37% used [0x0000000080000000,0x0000000081c54728,0x0000000084c00000)
 Metaspace       used 56838K, capacity 59040K, committed 59160K, reserved 1099776K
  class space    used 7686K, capacity 8145K, committed 8224K, reserved 1048576K
Event: 14.994 GC heap after
Heap after GC invocations=14 (full 2):
 PSYoungGen      total 214528K, used 15236K [0x00000000d5580000, 0x00000000e4200000, 0x0000000100000000)
  eden space 196608K, 0% used [0x00000000d5580000,0x00000000d5580000,0x00000000e1580000)
  from space 17920K, 85% used [0x00000000e2880000,0x00000000e3761158,0x00000000e3a00000)
  to   space 19456K, 0% used [0x00000000e1580000,0x00000000e1580000,0x00000000e2880000)
 ParOldGen       total 77824K, used 32513K [0x0000000080000000, 0x0000000084c00000, 0x00000000d5580000)
  object space 77824K, 41% used [0x0000000080000000,0x0000000081fc07d8,0x0000000084c00000)
 Metaspace       used 56838K, capacity 59040K, committed 59160K, reserved 1099776K
  class space    used 7686K, capacity 8145K, committed 8224K, reserved 1048576K
}
Event: 14.994 GC heap before
{Heap before GC invocations=15 (full 3):
 PSYoungGen      total 214528K, used 15236K [0x00000000d5580000, 0x00000000e4200000, 0x0000000100000000)
  eden space 196608K, 0% used [0x00000000d5580000,0x00000000d5580000,0x00000000e1580000)
  from space 17920K, 85% used [0x00000000e2880000,0x00000000e3761158,0x00000000e3a00000)
  to   space 19456K, 0% used [0x00000000e1580000,0x00000000e1580000,0x00000000e2880000)
 ParOldGen       total 77824K, used 32513K [0x0000000080000000, 0x0000000084c00000, 0x00000000d5580000)
  object space 77824K, 41% used [0x0000000080000000,0x0000000081fc07d8,0x0000000084c00000)
 Metaspace       used 56838K, capacity 59040K, committed 59160K, reserved 1099776K
  class space    used 7686K, capacity 8145K, committed 8224K, reserved 1048576K
Event: 15.238 GC heap after
Heap after GC invocations=15 (full 3):
 PSYoungGen      total 214528K, used 0K [0x00000000d5580000, 0x00000000e4200000, 0x0000000100000000)
  eden space 196608K, 0% used [0x00000000d5580000,0x00000000d5580000,0x00000000e1580000)
  from space 17920K, 0% used [0x00000000e2880000,0x00000000e2880000,0x00000000e3a00000)
  to   space 19456K, 0% used [0x00000000e1580000,0x00000000e1580000,0x00000000e2880000)
 ParOldGen       total 124928K, used 41628K [0x0000000080000000, 0x0000000087a00000, 0x00000000d5580000)
  object space 124928K, 33% used [0x0000000080000000,0x00000000828a7048,0x0000000087a00000)
 Metaspace       used 56825K, capacity 58998K, committed 59160K, reserved 1099776K
  class space    used 7682K, capacity 8138K, committed 8224K, reserved 1048576K
}
Event: 21.572 GC heap before
{Heap before GC invocations=16 (full 3):
 PSYoungGen      total 214528K, used 196608K [0x00000000d5580000, 0x00000000e4200000, 0x0000000100000000)
  eden space 196608K, 100% used [0x00000000d5580000,0x00000000e1580000,0x00000000e1580000)
  from space 17920K, 0% used [0x00000000e2880000,0x00000000e2880000,0x00000000e3a00000)
  to   space 19456K, 0% used [0x00000000e1580000,0x00000000e1580000,0x00000000e2880000)
 ParOldGen       total 124928K, used 41628K [0x0000000080000000, 0x0000000087a00000, 0x00000000d5580000)
  object space 124928K, 33% used [0x0000000080000000,0x00000000828a7048,0x0000000087a00000)
 Metaspace       used 66841K, capacity 69830K, committed 70040K, reserved 1110016K
  class space    used 9178K, capacity 9782K, committed 9888K, reserved 1048576K
Event: 21.630 GC heap after
Heap after GC invocations=16 (full 3):
 PSYoungGen      total 216064K, used 17505K [0x00000000d5580000, 0x00000000e6c00000, 0x0000000100000000)
  eden space 196608K, 0% used [0x00000000d5580000,0x00000000d5580000,0x00000000e1580000)
  from space 19456K, 89% used [0x00000000e1580000,0x00000000e26985a8,0x00000000e2880000)
  to   space 21504K, 0% used [0x00000000e5700000,0x00000000e5700000,0x00000000e6c00000)
 ParOldGen       total 124928K, used 41636K [0x0000000080000000, 0x0000000087a00000, 0x00000000d5580000)
  object space 124928K, 33% used [0x0000000080000000,0x00000000828a9048,0x0000000087a00000)
 Metaspace       used 66841K, capacity 69830K, committed 70040K, reserved 1110016K
  class space    used 9178K, capacity 9782K, committed 9888K, reserved 1048576K
}
Event: 31.821 GC heap before
{Heap before GC invocations=17 (full 3):
 PSYoungGen      total 216064K, used 214113K [0x00000000d5580000, 0x00000000e6c00000, 0x0000000100000000)
  eden space 196608K, 100% used [0x00000000d5580000,0x00000000e1580000,0x00000000e1580000)
  from space 19456K, 89% used [0x00000000e1580000,0x00000000e26985a8,0x00000000e2880000)
  to   space 21504K, 0% used [0x00000000e5700000,0x00000000e5700000,0x00000000e6c00000)
 ParOldGen       total 124928K, used 41636K [0x0000000080000000, 0x0000000087a00000, 0x00000000d5580000)
  object space 124928K, 33% used [0x0000000080000000,0x00000000828a9048,0x0000000087a00000)
 Metaspace       used 74365K, capacity 77650K, committed 77848K, reserved 1116160K
  class space    used 10021K, capacity 10670K, committed 10784K, reserved 1048576K
Event: 31.854 GC heap after
Heap after GC invocations=17 (full 3):
 PSYoungGen      total 256512K, used 20204K [0x00000000d5580000, 0x00000000e6b00000, 0x0000000100000000)
  eden space 236032K, 0% used [0x00000000d5580000,0x00000000d5580000,0x00000000e3c00000)
  from space 20480K, 98% used [0x00000000e5700000,0x00000000e6abb080,0x00000000e6b00000)
  to   space 24064K, 0% used [0x00000000e3c00000,0x00000000e3c00000,0x00000000e5380000)
 ParOldGen       total 124928K, used 41644K [0x0000000080000000, 0x0000000087a00000, 0x00000000d5580000)
  object space 124928K, 33% used [0x0000000080000000,0x00000000828ab048,0x0000000087a00000)
 Metaspace       used 74365K, capacity 77650K, committed 77848K, reserved 1116160K
  class space    used 10021K, capacity 10670K, committed 10784K, reserved 1048576K
}
Event: 38.402 GC heap before
{Heap before GC invocations=18 (full 3):
 PSYoungGen      total 256512K, used 256236K [0x00000000d5580000, 0x00000000e6b00000, 0x0000000100000000)
  eden space 236032K, 100% used [0x00000000d5580000,0x00000000e3c00000,0x00000000e3c00000)
  from space 20480K, 98% used [0x00000000e5700000,0x00000000e6abb080,0x00000000e6b00000)
  to   space 24064K, 0% used [0x00000000e3c00000,0x00000000e3c00000,0x00000000e5380000)
 ParOldGen       total 124928K, used 41644K [0x0000000080000000, 0x0000000087a00000, 0x00000000d5580000)
  object space 124928K, 33% used [0x0000000080000000,0x00000000828ab048,0x0000000087a00000)
 Metaspace       used 75253K, capacity 78604K, committed 78872K, reserved 1118208K
  class space    used 10079K, capacity 10723K, committed 10784K, reserved 1048576K
Event: 38.449 GC heap after
Heap after GC invocations=18 (full 3):
 PSYoungGen      total 260096K, used 18625K [0x00000000d5580000, 0x00000000e9880000, 0x0000000100000000)
  eden space 236032K, 0% used [0x00000000d5580000,0x00000000d5580000,0x00000000e3c00000)
  from space 24064K, 77% used [0x00000000e3c00000,0x00000000e4e30660,0x00000000e5380000)
  to   space 25600K, 0% used [0x00000000e7f80000,0x00000000e7f80000,0x00000000e9880000)
 ParOldGen       total 124928K, used 41652K [0x0000000080000000, 0x0000000087a00000, 0x00000000d5580000)
  object space 124928K, 33% used [0x0000000080000000,0x00000000828ad048,0x0000000087a00000)
 Metaspace       used 75253K, capacity 78604K, committed 78872K, reserved 1118208K
  class space    used 10079K, capacity 10723K, committed 10784K, reserved 1048576K
}

