# JRE version: OpenJDK Runtime Environment (8.0_242-b01) (build 1.8.0_242-release-1644-b01)
# Java VM: OpenJDK 64-Bit Server VM (25.242-b01 mixed mode windows-amd64 compressed oops)
Heap:
 PSYoungGen      total 104960K, used 104730K [0x00000000d5580000, 0x00000000dd180000, 0x0000000100000000)
  eden space 100352K, 100% used [0x00000000d5580000,0x00000000db780000,0x00000000db780000)
  from space 4608K, 95% used [0x00000000dcd00000,0x00000000dd146b00,0x00000000dd180000)
  to   space 11264K, 0% used [0x00000000dbb80000,0x00000000dbb80000,0x00000000dc680000)
 ParOldGen       total 75264K, used 14834K [0x0000000080000000, 0x0000000084980000, 0x00000000d5580000)
  object space 75264K, 19% used [0x0000000080000000,0x0000000080e7c948,0x0000000084980000)
 Metaspace       used 44196K, capacity 45948K, committed 46120K, reserved 1089536K
  class space    used 5961K, capacity 6338K, committed 6448K, reserved 1048576K
GC Heap History (10 events):
Event: 9.845 GC heap before
{Heap before GC invocations=10 (full 1):
 PSYoungGen      total 55296K, used 54982K [0x00000000d5580000, 0x00000000d9d80000, 0x0000000100000000)
  eden space 52224K, 100% used [0x00000000d5580000,0x00000000d8880000,0x00000000d8880000)
  from space 3072K, 89% used [0x00000000d9a80000,0x00000000d9d31930,0x00000000d9d80000)
  to   space 10752K, 0% used [0x00000000d8880000,0x00000000d8880000,0x00000000d9300000)
 ParOldGen       total 50688K, used 7199K [0x0000000080000000, 0x0000000083180000, 0x00000000d5580000)
  object space 50688K, 14% used [0x0000000080000000,0x0000000080707cb8,0x0000000083180000)
 Metaspace       used 30533K, capacity 31514K, committed 31792K, reserved 1077248K
  class space    used 4107K, capacity 4336K, committed 4400K, reserved 1048576K
Event: 9.874 GC heap after
Heap after GC invocations=10 (full 1):
 PSYoungGen      total 62976K, used 8318K [0x00000000d5580000, 0x00000000db480000, 0x0000000100000000)
  eden space 52224K, 0% used [0x00000000d5580000,0x00000000d5580000,0x00000000d8880000)
  from space 10752K, 77% used [0x00000000d8880000,0x00000000d909f980,0x00000000d9300000)
  to   space 11264K, 0% used [0x00000000da980000,0x00000000da980000,0x00000000db480000)
 ParOldGen       total 50688K, used 7207K [0x0000000080000000, 0x0000000083180000, 0x00000000d5580000)
  object space 50688K, 14% used [0x0000000080000000,0x0000000080709cb8,0x0000000083180000)
 Metaspace       used 30533K, capacity 31514K, committed 31792K, reserved 1077248K
  class space    used 4107K, capacity 4336K, committed 4400K, reserved 1048576K
}
Event: 11.441 GC heap before
{Heap before GC invocations=11 (full 1):
 PSYoungGen      total 62976K, used 60542K [0x00000000d5580000, 0x00000000db480000, 0x0000000100000000)
  eden space 52224K, 100% used [0x00000000d5580000,0x00000000d8880000,0x00000000d8880000)
  from space 10752K, 77% used [0x00000000d8880000,0x00000000d909f980,0x00000000d9300000)
  to   space 11264K, 0% used [0x00000000da980000,0x00000000da980000,0x00000000db480000)
 ParOldGen       total 50688K, used 7207K [0x0000000080000000, 0x0000000083180000, 0x00000000d5580000)
  object space 50688K, 14% used [0x0000000080000000,0x0000000080709cb8,0x0000000083180000)
 Metaspace       used 33222K, capacity 34268K, committed 34480K, reserved 1079296K
  class space    used 4535K, capacity 4759K, committed 4784K, reserved 1048576K
Event: 11.512 GC heap after
Heap after GC invocations=11 (full 1):
 PSYoungGen      total 85504K, used 8495K [0x00000000d5580000, 0x00000000db680000, 0x0000000100000000)
  eden space 74240K, 0% used [0x00000000d5580000,0x00000000d5580000,0x00000000d9e00000)
  from space 11264K, 75% used [0x00000000da980000,0x00000000db1cbfd8,0x00000000db480000)
  to   space 11776K, 0% used [0x00000000d9e00000,0x00000000d9e00000,0x00000000da980000)
 ParOldGen       total 50688K, used 7908K [0x0000000080000000, 0x0000000083180000, 0x00000000d5580000)
  object space 50688K, 15% used [0x0000000080000000,0x00000000807b9288,0x0000000083180000)
 Metaspace       used 33222K, capacity 34268K, committed 34480K, reserved 1079296K
  class space    used 4535K, capacity 4759K, committed 4784K, reserved 1048576K
}
Event: 12.136 GC heap before
{Heap before GC invocations=12 (full 1):
 PSYoungGen      total 85504K, used 33516K [0x00000000d5580000, 0x00000000db680000, 0x0000000100000000)
  eden space 74240K, 33% used [0x00000000d5580000,0x00000000d6def078,0x00000000d9e00000)
  from space 11264K, 75% used [0x00000000da980000,0x00000000db1cbfd8,0x00000000db480000)
  to   space 11776K, 0% used [0x00000000d9e00000,0x00000000d9e00000,0x00000000da980000)
 ParOldGen       total 50688K, used 7908K [0x0000000080000000, 0x0000000083180000, 0x00000000d5580000)
  object space 50688K, 15% used [0x0000000080000000,0x00000000807b9288,0x0000000083180000)
 Metaspace       used 34300K, capacity 35404K, committed 35496K, reserved 1079296K
  class space    used 4712K, capacity 5001K, committed 5040K, reserved 1048576K
Event: 12.201 GC heap after
Heap after GC invocations=12 (full 1):
 PSYoungGen      total 86016K, used 1748K [0x00000000d5580000, 0x00000000dd880000, 0x0000000100000000)
  eden space 74240K, 0% used [0x00000000d5580000,0x00000000d5580000,0x00000000d9e00000)
  from space 11776K, 14% used [0x00000000d9e00000,0x00000000d9fb5078,0x00000000da980000)
  to   space 11776K, 0% used [0x00000000dcd00000,0x00000000dcd00000,0x00000000dd880000)
 ParOldGen       total 50688K, used 13924K [0x0000000080000000, 0x0000000083180000, 0x00000000d5580000)
  object space 50688K, 27% used [0x0000000080000000,0x0000000080d991c8,0x0000000083180000)
 Metaspace       used 34300K, capacity 35404K, committed 35496K, reserved 1079296K
  class space    used 4712K, capacity 5001K, committed 5040K, reserved 1048576K
}
Event: 12.201 GC heap before
{Heap before GC invocations=13 (full 2):
 PSYoungGen      total 86016K, used 1748K [0x00000000d5580000, 0x00000000dd880000, 0x0000000100000000)
  eden space 74240K, 0% used [0x00000000d5580000,0x00000000d5580000,0x00000000d9e00000)
  from space 11776K, 14% used [0x00000000d9e00000,0x00000000d9fb5078,0x00000000da980000)
  to   space 11776K, 0% used [0x00000000dcd00000,0x00000000dcd00000,0x00000000dd880000)
 ParOldGen       total 50688K, used 13924K [0x0000000080000000, 0x0000000083180000, 0x00000000d5580000)
  object space 50688K, 27% used [0x0000000080000000,0x0000000080d991c8,0x0000000083180000)
 Metaspace       used 34300K, capacity 35404K, committed 35496K, reserved 1079296K
  class space    used 4712K, capacity 5001K, committed 5040K, reserved 1048576K
Event: 12.399 GC heap after
Heap after GC invocations=13 (full 2):
 PSYoungGen      total 86016K, used 0K [0x00000000d5580000, 0x00000000dd880000, 0x0000000100000000)
  eden space 74240K, 0% used [0x00000000d5580000,0x00000000d5580000,0x00000000d9e00000)
  from space 11776K, 0% used [0x00000000d9e00000,0x00000000d9e00000,0x00000000da980000)
  to   space 11776K, 0% used [0x00000000dcd00000,0x00000000dcd00000,0x00000000dd880000)
 ParOldGen       total 75264K, used 14826K [0x0000000080000000, 0x0000000084980000, 0x00000000d5580000)
  object space 75264K, 19% used [0x0000000080000000,0x0000000080e7a948,0x0000000084980000)
 Metaspace       used 34300K, capacity 35404K, committed 35496K, reserved 1079296K
  class space    used 4712K, capacity 5001K, committed 5040K, reserved 1048576K
}
Event: 14.751 GC heap before
{Heap before GC invocations=14 (full 2):
 PSYoungGen      total 86016K, used 74240K [0x00000000d5580000, 0x00000000dd880000, 0x0000000100000000)
  eden space 74240K, 100% used [0x00000000d5580000,0x00000000d9e00000,0x00000000d9e00000)
  from space 11776K, 0% used [0x00000000d9e00000,0x00000000d9e00000,0x00000000da980000)
  to   space 11776K, 0% used [0x00000000dcd00000,0x00000000dcd00000,0x00000000dd880000)
 ParOldGen       total 75264K, used 14826K [0x0000000080000000, 0x0000000084980000, 0x00000000d5580000)
  object space 75264K, 19% used [0x0000000080000000,0x0000000080e7a948,0x0000000084980000)
 Metaspace       used 36427K, capacity 37820K, committed 38056K, reserved 1081344K
  class space    used 4982K, capacity 5281K, committed 5296K, reserved 1048576K
Event: 14.796 GC heap after
Heap after GC invocations=14 (full 2):
 PSYoungGen      total 104960K, used 4378K [0x00000000d5580000, 0x00000000dd180000, 0x0000000100000000)
  eden space 100352K, 0% used [0x00000000d5580000,0x00000000d5580000,0x00000000db780000)
  from space 4608K, 95% used [0x00000000dcd00000,0x00000000dd146b00,0x00000000dd180000)
  to   space 11264K, 0% used [0x00000000dbb80000,0x00000000dbb80000,0x00000000dc680000)
 ParOldGen       total 75264K, used 14834K [0x0000000080000000, 0x0000000084980000, 0x00000000d5580000)
  object space 75264K, 19% used [0x0000000080000000,0x0000000080e7c948,0x0000000084980000)
 Metaspace       used 36427K, capacity 37820K, committed 38056K, reserved 1081344K
  class space    used 4982K, capacity 5281K, committed 5296K, reserved 1048576K
}

