# JRE version: OpenJDK Runtime Environment (8.0_242-b01) (build 1.8.0_242-release-1644-b01)
# Java VM: OpenJDK 64-Bit Server VM (25.242-b01 mixed mode windows-amd64 compressed oops)
Heap:
 PSYoungGen      total 387072K, used 136795K [0x00000000d5580000, 0x00000000f0080000, 0x0000000100000000)
  eden space 345600K, 27% used [0x00000000d5580000,0x00000000db29d528,0x00000000ea700000)
  from space 41472K, 99% used [0x00000000ea700000,0x00000000ecf796e8,0x00000000ecf80000)
  to   space 41472K, 0% used [0x00000000ecf80000,0x00000000ecf80000,0x00000000ef800000)
 ParOldGen       total 184832K, used 116451K [0x0000000080000000, 0x000000008b480000, 0x00000000d5580000)
  object space 184832K, 63% used [0x0000000080000000,0x00000000871b8dc8,0x000000008b480000)
 Metaspace       used 112744K, capacity 118886K, committed 118988K, reserved 1153024K
  class space    used 14617K, capacity 15794K, committed 15872K, reserved 1048576K
GC Heap History (10 events):
Event: 33.071 GC heap before
{Heap before GC invocations=19 (full 3):
 PSYoungGen      total 261120K, used 117438K [0x00000000d5580000, 0x00000000eb980000, 0x0000000100000000)
  eden space 233984K, 38% used [0x00000000d5580000,0x00000000dadb19e8,0x00000000e3a00000)
  from space 27136K, 99% used [0x00000000e3a00000,0x00000000e547df28,0x00000000e5480000)
  to   space 35328K, 0% used [0x00000000e9700000,0x00000000e9700000,0x00000000eb980000)
 ParOldGen       total 116736K, used 50352K [0x0000000080000000, 0x0000000087200000, 0x00000000d5580000)
  object space 116736K, 43% used [0x0000000080000000,0x000000008312c0a0,0x0000000087200000)
 Metaspace       used 93705K, capacity 98354K, committed 98380K, reserved 1134592K
  class space    used 12476K, capacity 13432K, committed 13440K, reserved 1048576K
Event: 33.170 GC heap after
Heap after GC invocations=19 (full 3):
 PSYoungGen      total 330240K, used 17312K [0x00000000d5580000, 0x00000000ec080000, 0x0000000100000000)
  eden space 294912K, 0% used [0x00000000d5580000,0x00000000d5580000,0x00000000e7580000)
  from space 35328K, 49% used [0x00000000e9700000,0x00000000ea7e8230,0x00000000eb980000)
  to   space 34304K, 0% used [0x00000000e7580000,0x00000000e7580000,0x00000000e9700000)
 ParOldGen       total 116736K, used 68825K [0x0000000080000000, 0x0000000087200000, 0x00000000d5580000)
  object space 116736K, 58% used [0x0000000080000000,0x0000000084336568,0x0000000087200000)
 Metaspace       used 93705K, capacity 98354K, committed 98380K, reserved 1134592K
  class space    used 12476K, capacity 13432K, committed 13440K, reserved 1048576K
}
Event: 33.170 GC heap before
{Heap before GC invocations=20 (full 4):
 PSYoungGen      total 330240K, used 17312K [0x00000000d5580000, 0x00000000ec080000, 0x0000000100000000)
  eden space 294912K, 0% used [0x00000000d5580000,0x00000000d5580000,0x00000000e7580000)
  from space 35328K, 49% used [0x00000000e9700000,0x00000000ea7e8230,0x00000000eb980000)
  to   space 34304K, 0% used [0x00000000e7580000,0x00000000e7580000,0x00000000e9700000)
 ParOldGen       total 116736K, used 68825K [0x0000000080000000, 0x0000000087200000, 0x00000000d5580000)
  object space 116736K, 58% used [0x0000000080000000,0x0000000084336568,0x0000000087200000)
 Metaspace       used 93705K, capacity 98354K, committed 98380K, reserved 1134592K
  class space    used 12476K, capacity 13432K, committed 13440K, reserved 1048576K
Event: 33.486 GC heap after
Heap after GC invocations=20 (full 4):
 PSYoungGen      total 330240K, used 0K [0x00000000d5580000, 0x00000000ec080000, 0x0000000100000000)
  eden space 294912K, 0% used [0x00000000d5580000,0x00000000d5580000,0x00000000e7580000)
  from space 35328K, 0% used [0x00000000e9700000,0x00000000e9700000,0x00000000eb980000)
  to   space 34304K, 0% used [0x00000000e7580000,0x00000000e7580000,0x00000000e9700000)
 ParOldGen       total 184832K, used 67083K [0x0000000080000000, 0x000000008b480000, 0x00000000d5580000)
  object space 184832K, 36% used [0x0000000080000000,0x0000000084182e98,0x000000008b480000)
 Metaspace       used 93564K, capacity 97920K, committed 98380K, reserved 1134592K
  class space    used 12432K, capacity 13329K, committed 13440K, reserved 1048576K
}
Event: 2129.418 GC heap before
{Heap before GC invocations=21 (full 4):
 PSYoungGen      total 330240K, used 294283K [0x00000000d5580000, 0x00000000ec080000, 0x0000000100000000)
  eden space 294912K, 99% used [0x00000000d5580000,0x00000000e74e2ef8,0x00000000e7580000)
  from space 35328K, 0% used [0x00000000e9700000,0x00000000e9700000,0x00000000eb980000)
  to   space 34304K, 0% used [0x00000000e7580000,0x00000000e7580000,0x00000000e9700000)
 ParOldGen       total 184832K, used 67083K [0x0000000080000000, 0x000000008b480000, 0x00000000d5580000)
  object space 184832K, 36% used [0x0000000080000000,0x0000000084182e98,0x000000008b480000)
 Metaspace       used 101036K, capacity 105760K, committed 106060K, reserved 1140736K
  class space    used 13130K, capacity 14093K, committed 14208K, reserved 1048576K
Event: 2129.817 GC heap after
Heap after GC invocations=21 (full 4):
 PSYoungGen      total 329216K, used 34273K [0x00000000d5580000, 0x00000000ef800000, 0x0000000100000000)
  eden space 294912K, 0% used [0x00000000d5580000,0x00000000d5580000,0x00000000e7580000)
  from space 34304K, 99% used [0x00000000e7580000,0x00000000e96f8508,0x00000000e9700000)
  to   space 41472K, 0% used [0x00000000ecf80000,0x00000000ecf80000,0x00000000ef800000)
 ParOldGen       total 184832K, used 71569K [0x0000000080000000, 0x000000008b480000, 0x00000000d5580000)
  object space 184832K, 38% used [0x0000000080000000,0x00000000845e4798,0x000000008b480000)
 Metaspace       used 101036K, capacity 105760K, committed 106060K, reserved 1140736K
  class space    used 13130K, capacity 14093K, committed 14208K, reserved 1048576K
}
Event: 2141.956 GC heap before
{Heap before GC invocations=22 (full 4):
 PSYoungGen      total 329216K, used 329185K [0x00000000d5580000, 0x00000000ef800000, 0x0000000100000000)
  eden space 294912K, 100% used [0x00000000d5580000,0x00000000e7580000,0x00000000e7580000)
  from space 34304K, 99% used [0x00000000e7580000,0x00000000e96f8508,0x00000000e9700000)
  to   space 41472K, 0% used [0x00000000ecf80000,0x00000000ecf80000,0x00000000ef800000)
 ParOldGen       total 184832K, used 71569K [0x0000000080000000, 0x000000008b480000, 0x00000000d5580000)
  object space 184832K, 38% used [0x0000000080000000,0x00000000845e4798,0x000000008b480000)
 Metaspace       used 110359K, capacity 115918K, committed 116044K, reserved 1150976K
  class space    used 14364K, capacity 15468K, committed 15488K, reserved 1048576K
Event: 2142.464 GC heap after
Heap after GC invocations=22 (full 4):
 PSYoungGen      total 387072K, used 24020K [0x00000000d5580000, 0x00000000f0080000, 0x0000000100000000)
  eden space 345600K, 0% used [0x00000000d5580000,0x00000000d5580000,0x00000000ea700000)
  from space 41472K, 57% used [0x00000000ecf80000,0x00000000ee6f5248,0x00000000ef800000)
  to   space 41472K, 0% used [0x00000000ea700000,0x00000000ea700000,0x00000000ecf80000)
 ParOldGen       total 184832K, used 98269K [0x0000000080000000, 0x000000008b480000, 0x00000000d5580000)
  object space 184832K, 53% used [0x0000000080000000,0x0000000085ff77a0,0x000000008b480000)
 Metaspace       used 110359K, capacity 115918K, committed 116044K, reserved 1150976K
  class space    used 14364K, capacity 15468K, committed 15488K, reserved 1048576K
}
Event: 2150.565 GC heap before
{Heap before GC invocations=23 (full 4):
 PSYoungGen      total 387072K, used 369620K [0x00000000d5580000, 0x00000000f0080000, 0x0000000100000000)
  eden space 345600K, 100% used [0x00000000d5580000,0x00000000ea700000,0x00000000ea700000)
  from space 41472K, 57% used [0x00000000ecf80000,0x00000000ee6f5248,0x00000000ef800000)
  to   space 41472K, 0% used [0x00000000ea700000,0x00000000ea700000,0x00000000ecf80000)
 ParOldGen       total 184832K, used 98269K [0x0000000080000000, 0x000000008b480000, 0x00000000d5580000)
  object space 184832K, 53% used [0x0000000080000000,0x0000000085ff77a0,0x000000008b480000)
 Metaspace       used 112583K, capacity 118658K, committed 118988K, reserved 1153024K
  class space    used 14611K, capacity 15788K, committed 15872K, reserved 1048576K
Event: 2151.020 GC heap after
Heap after GC invocations=23 (full 4):
 PSYoungGen      total 387072K, used 41445K [0x00000000d5580000, 0x00000000f0080000, 0x0000000100000000)
  eden space 345600K, 0% used [0x00000000d5580000,0x00000000d5580000,0x00000000ea700000)
  from space 41472K, 99% used [0x00000000ea700000,0x00000000ecf796e8,0x00000000ecf80000)
  to   space 41472K, 0% used [0x00000000ecf80000,0x00000000ecf80000,0x00000000ef800000)
 ParOldGen       total 184832K, used 116451K [0x0000000080000000, 0x000000008b480000, 0x00000000d5580000)
  object space 184832K, 63% used [0x0000000080000000,0x00000000871b8dc8,0x000000008b480000)
 Metaspace       used 112583K, capacity 118658K, committed 118988K, reserved 1153024K
  class space    used 14611K, capacity 15788K, committed 15872K, reserved 1048576K
}

