# JRE version: OpenJDK Runtime Environment (8.0_242-b01) (build 1.8.0_242-release-1644-b01)
# Java VM: OpenJDK 64-Bit Server VM (25.242-b01 mixed mode windows-amd64 compressed oops)
Heap:
 PSYoungGen      total 172544K, used 15723K [0x00000000d5580000, 0x00000000e0b00000, 0x0000000100000000)
  eden space 159744K, 1% used [0x00000000d5580000,0x00000000d5860670,0x00000000df180000)
  from space 12800K, 99% used [0x00000000df180000,0x00000000dfdfa7d0,0x00000000dfe00000)
  to   space 12800K, 0% used [0x00000000dfe00000,0x00000000dfe00000,0x00000000e0a80000)
 ParOldGen       total 76800K, used 29313K [0x0000000080000000, 0x0000000084b00000, 0x00000000d5580000)
  object space 76800K, 38% used [0x0000000080000000,0x0000000081ca0680,0x0000000084b00000)
 Metaspace       used 53076K, capacity 55108K, committed 55464K, reserved 1097728K
  class space    used 7044K, capacity 7482K, committed 7600K, reserved 1048576K
GC Heap History (10 events):
Event: 9.270 GC heap before
{Heap before GC invocations=9 (full 1):
 PSYoungGen      total 72704K, used 61952K [0x00000000d5580000, 0x00000000de280000, 0x0000000100000000)
  eden space 61952K, 100% used [0x00000000d5580000,0x00000000d9200000,0x00000000d9200000)
  from space 10752K, 0% used [0x00000000d9200000,0x00000000d9200000,0x00000000d9c80000)
  to   space 10240K, 0% used [0x00000000dd880000,0x00000000dd880000,0x00000000de280000)
 ParOldGen       total 49664K, used 7163K [0x0000000080000000, 0x0000000083080000, 0x00000000d5580000)
  object space 49664K, 14% used [0x0000000080000000,0x00000000806feef0,0x0000000083080000)
 Metaspace       used 28468K, capacity 29338K, committed 29616K, reserved 1075200K
  class space    used 3931K, capacity 4155K, committed 4272K, reserved 1048576K
Event: 9.295 GC heap after
Heap after GC invocations=9 (full 1):
 PSYoungGen      total 117760K, used 7959K [0x00000000d5580000, 0x00000000de080000, 0x0000000100000000)
  eden space 109568K, 0% used [0x00000000d5580000,0x00000000d5580000,0x00000000dc080000)
  from space 8192K, 97% used [0x00000000dd880000,0x00000000de045f48,0x00000000de080000)
  to   space 10752K, 0% used [0x00000000dcb80000,0x00000000dcb80000,0x00000000dd600000)
 ParOldGen       total 49664K, used 7171K [0x0000000080000000, 0x0000000083080000, 0x00000000d5580000)
  object space 49664K, 14% used [0x0000000080000000,0x0000000080700ef0,0x0000000083080000)
 Metaspace       used 28468K, capacity 29338K, committed 29616K, reserved 1075200K
  class space    used 3931K, capacity 4155K, committed 4272K, reserved 1048576K
}
Event: 11.562 GC heap before
{Heap before GC invocations=10 (full 1):
 PSYoungGen      total 117760K, used 106985K [0x00000000d5580000, 0x00000000de080000, 0x0000000100000000)
  eden space 109568K, 90% used [0x00000000d5580000,0x00000000db634640,0x00000000dc080000)
  from space 8192K, 97% used [0x00000000dd880000,0x00000000de045f48,0x00000000de080000)
  to   space 10752K, 0% used [0x00000000dcb80000,0x00000000dcb80000,0x00000000dd600000)
 ParOldGen       total 49664K, used 7171K [0x0000000080000000, 0x0000000083080000, 0x00000000d5580000)
  object space 49664K, 14% used [0x0000000080000000,0x0000000080700ef0,0x0000000083080000)
 Metaspace       used 34321K, capacity 35408K, committed 35496K, reserved 1079296K
  class space    used 4718K, capacity 5001K, committed 5040K, reserved 1048576K
Event: 11.609 GC heap after
Heap after GC invocations=10 (full 1):
 PSYoungGen      total 131584K, used 10738K [0x00000000d5580000, 0x00000000e0a80000, 0x0000000100000000)
  eden space 120832K, 0% used [0x00000000d5580000,0x00000000d5580000,0x00000000dcb80000)
  from space 10752K, 99% used [0x00000000dcb80000,0x00000000dd5fcbb0,0x00000000dd600000)
  to   space 12800K, 0% used [0x00000000dfe00000,0x00000000dfe00000,0x00000000e0a80000)
 ParOldGen       total 49664K, used 8311K [0x0000000080000000, 0x0000000083080000, 0x00000000d5580000)
  object space 49664K, 16% used [0x0000000080000000,0x000000008081de78,0x0000000083080000)
 Metaspace       used 34321K, capacity 35408K, committed 35496K, reserved 1079296K
  class space    used 4718K, capacity 5001K, committed 5040K, reserved 1048576K
}
Event: 11.609 GC heap before
{Heap before GC invocations=11 (full 2):
 PSYoungGen      total 131584K, used 10738K [0x00000000d5580000, 0x00000000e0a80000, 0x0000000100000000)
  eden space 120832K, 0% used [0x00000000d5580000,0x00000000d5580000,0x00000000dcb80000)
  from space 10752K, 99% used [0x00000000dcb80000,0x00000000dd5fcbb0,0x00000000dd600000)
  to   space 12800K, 0% used [0x00000000dfe00000,0x00000000dfe00000,0x00000000e0a80000)
 ParOldGen       total 49664K, used 8311K [0x0000000080000000, 0x0000000083080000, 0x00000000d5580000)
  object space 49664K, 16% used [0x0000000080000000,0x000000008081de78,0x0000000083080000)
 Metaspace       used 34321K, capacity 35408K, committed 35496K, reserved 1079296K
  class space    used 4718K, capacity 5001K, committed 5040K, reserved 1048576K
Event: 11.724 GC heap after
Heap after GC invocations=11 (full 2):
 PSYoungGen      total 131584K, used 0K [0x00000000d5580000, 0x00000000e0a80000, 0x0000000100000000)
  eden space 120832K, 0% used [0x00000000d5580000,0x00000000d5580000,0x00000000dcb80000)
  from space 10752K, 0% used [0x00000000dcb80000,0x00000000dcb80000,0x00000000dd600000)
  to   space 12800K, 0% used [0x00000000dfe00000,0x00000000dfe00000,0x00000000e0a80000)
 ParOldGen       total 76800K, used 18141K [0x0000000080000000, 0x0000000084b00000, 0x00000000d5580000)
  object space 76800K, 23% used [0x0000000080000000,0x00000000811b77f8,0x0000000084b00000)
 Metaspace       used 34321K, capacity 35408K, committed 35496K, reserved 1079296K
  class space    used 4718K, capacity 5001K, committed 5040K, reserved 1048576K
}
Event: 15.376 GC heap before
{Heap before GC invocations=12 (full 2):
 PSYoungGen      total 131584K, used 120832K [0x00000000d5580000, 0x00000000e0a80000, 0x0000000100000000)
  eden space 120832K, 100% used [0x00000000d5580000,0x00000000dcb80000,0x00000000dcb80000)
  from space 10752K, 0% used [0x00000000dcb80000,0x00000000dcb80000,0x00000000dd600000)
  to   space 12800K, 0% used [0x00000000dfe00000,0x00000000dfe00000,0x00000000e0a80000)
 ParOldGen       total 76800K, used 18141K [0x0000000080000000, 0x0000000084b00000, 0x00000000d5580000)
  object space 76800K, 23% used [0x0000000080000000,0x00000000811b77f8,0x0000000084b00000)
 Metaspace       used 38976K, capacity 40668K, committed 40872K, reserved 1085440K
  class space    used 5363K, capacity 5726K, committed 5808K, reserved 1048576K
Event: 15.404 GC heap after
Heap after GC invocations=12 (full 2):
 PSYoungGen      total 172544K, used 8615K [0x00000000d5580000, 0x00000000e0b00000, 0x0000000100000000)
  eden space 159744K, 0% used [0x00000000d5580000,0x00000000d5580000,0x00000000df180000)
  from space 12800K, 67% used [0x00000000dfe00000,0x00000000e0669fd0,0x00000000e0a80000)
  to   space 12800K, 0% used [0x00000000df180000,0x00000000df180000,0x00000000dfe00000)
 ParOldGen       total 76800K, used 18149K [0x0000000080000000, 0x0000000084b00000, 0x00000000d5580000)
  object space 76800K, 23% used [0x0000000080000000,0x00000000811b97f8,0x0000000084b00000)
 Metaspace       used 38976K, capacity 40668K, committed 40872K, reserved 1085440K
  class space    used 5363K, capacity 5726K, committed 5808K, reserved 1048576K
}
Event: 19.767 GC heap before
{Heap before GC invocations=13 (full 2):
 PSYoungGen      total 172544K, used 168359K [0x00000000d5580000, 0x00000000e0b00000, 0x0000000100000000)
  eden space 159744K, 100% used [0x00000000d5580000,0x00000000df180000,0x00000000df180000)
  from space 12800K, 67% used [0x00000000dfe00000,0x00000000e0669fd0,0x00000000e0a80000)
  to   space 12800K, 0% used [0x00000000df180000,0x00000000df180000,0x00000000dfe00000)
 ParOldGen       total 76800K, used 18149K [0x0000000080000000, 0x0000000084b00000, 0x00000000d5580000)
  object space 76800K, 23% used [0x0000000080000000,0x00000000811b97f8,0x0000000084b00000)
 Metaspace       used 52905K, capacity 54876K, committed 55080K, reserved 1097728K
  class space    used 7021K, capacity 7448K, committed 7472K, reserved 1048576K
Event: 19.816 GC heap after
Heap after GC invocations=13 (full 2):
 PSYoungGen      total 172544K, used 12777K [0x00000000d5580000, 0x00000000e0b00000, 0x0000000100000000)
  eden space 159744K, 0% used [0x00000000d5580000,0x00000000d5580000,0x00000000df180000)
  from space 12800K, 99% used [0x00000000df180000,0x00000000dfdfa7d0,0x00000000dfe00000)
  to   space 12800K, 0% used [0x00000000dfe00000,0x00000000dfe00000,0x00000000e0a80000)
 ParOldGen       total 76800K, used 29313K [0x0000000080000000, 0x0000000084b00000, 0x00000000d5580000)
  object space 76800K, 38% used [0x0000000080000000,0x0000000081ca0680,0x0000000084b00000)
 Metaspace       used 52905K, capacity 54876K, committed 55080K, reserved 1097728K
  class space    used 7021K, capacity 7448K, committed 7472K, reserved 1048576K
}

