# JRE version: OpenJDK Runtime Environment (8.0_242-b01) (build 1.8.0_242-release-1644-b01)
# Java VM: OpenJDK 64-Bit Server VM (25.242-b01 mixed mode windows-amd64 compressed oops)
Heap:
 PSYoungGen      total 218112K, used 33225K [0x00000000d5580000, 0x00000000e4500000, 0x0000000100000000)
  eden space 199168K, 16% used [0x00000000d5580000,0x00000000d75f24d0,0x00000000e1800000)
  from space 18944K, 0% used [0x00000000e2a00000,0x00000000e2a00000,0x00000000e3c80000)
  to   space 18432K, 0% used [0x00000000e1800000,0x00000000e1800000,0x00000000e2a00000)
 ParOldGen       total 75776K, used 31109K [0x0000000080000000, 0x0000000084a00000, 0x00000000d5580000)
  object space 75776K, 41% used [0x0000000080000000,0x0000000081e61408,0x0000000084a00000)
 Metaspace       used 57299K, capacity 59644K, committed 59736K, reserved 1101824K
  class space    used 7519K, capacity 8004K, committed 8064K, reserved 1048576K
GC Heap History (10 events):
Event: 8.064 GC heap before
{Heap before GC invocations=11 (full 2):
 PSYoungGen      total 130048K, used 10222K [0x00000000d5580000, 0x00000000e1080000, 0x0000000100000000)
  eden space 119808K, 0% used [0x00000000d5580000,0x00000000d5580000,0x00000000dca80000)
  from space 10240K, 99% used [0x00000000dca80000,0x00000000dd47bab8,0x00000000dd480000)
  to   space 12288K, 0% used [0x00000000e0480000,0x00000000e0480000,0x00000000e1080000)
 ParOldGen       total 47616K, used 8984K [0x0000000080000000, 0x0000000082e80000, 0x00000000d5580000)
  object space 47616K, 18% used [0x0000000080000000,0x00000000808c6350,0x0000000082e80000)
 Metaspace       used 34083K, capacity 35342K, committed 35456K, reserved 1079296K
  class space    used 4594K, capacity 4912K, committed 4992K, reserved 1048576K
Event: 8.188 GC heap after
Heap after GC invocations=11 (full 2):
 PSYoungGen      total 130048K, used 0K [0x00000000d5580000, 0x00000000e1080000, 0x0000000100000000)
  eden space 119808K, 0% used [0x00000000d5580000,0x00000000d5580000,0x00000000dca80000)
  from space 10240K, 0% used [0x00000000dca80000,0x00000000dca80000,0x00000000dd480000)
  to   space 12288K, 0% used [0x00000000e0480000,0x00000000e0480000,0x00000000e1080000)
 ParOldGen       total 75776K, used 18443K [0x0000000080000000, 0x0000000084a00000, 0x00000000d5580000)
  object space 75776K, 24% used [0x0000000080000000,0x0000000081202e30,0x0000000084a00000)
 Metaspace       used 34083K, capacity 35342K, committed 35456K, reserved 1079296K
  class space    used 4594K, capacity 4912K, committed 4992K, reserved 1048576K
}
Event: 10.160 GC heap before
{Heap before GC invocations=12 (full 2):
 PSYoungGen      total 130048K, used 119808K [0x00000000d5580000, 0x00000000e1080000, 0x0000000100000000)
  eden space 119808K, 100% used [0x00000000d5580000,0x00000000dca80000,0x00000000dca80000)
  from space 10240K, 0% used [0x00000000dca80000,0x00000000dca80000,0x00000000dd480000)
  to   space 12288K, 0% used [0x00000000e0480000,0x00000000e0480000,0x00000000e1080000)
 ParOldGen       total 75776K, used 18443K [0x0000000080000000, 0x0000000084a00000, 0x00000000d5580000)
  object space 75776K, 24% used [0x0000000080000000,0x0000000081202e30,0x0000000084a00000)
 Metaspace       used 38724K, capacity 40520K, committed 40832K, reserved 1085440K
  class space    used 5309K, capacity 5697K, committed 5760K, reserved 1048576K
Event: 10.175 GC heap after
Heap after GC invocations=12 (full 2):
 PSYoungGen      total 164864K, used 9095K [0x00000000d5580000, 0x00000000e0d80000, 0x0000000100000000)
  eden space 155648K, 0% used [0x00000000d5580000,0x00000000d5580000,0x00000000ded80000)
  from space 9216K, 98% used [0x00000000e0480000,0x00000000e0d61ed0,0x00000000e0d80000)
  to   space 12800K, 0% used [0x00000000df480000,0x00000000df480000,0x00000000e0100000)
 ParOldGen       total 75776K, used 18451K [0x0000000080000000, 0x0000000084a00000, 0x00000000d5580000)
  object space 75776K, 24% used [0x0000000080000000,0x0000000081204e30,0x0000000084a00000)
 Metaspace       used 38724K, capacity 40520K, committed 40832K, reserved 1085440K
  class space    used 5309K, capacity 5697K, committed 5760K, reserved 1048576K
}
Event: 12.696 GC heap before
{Heap before GC invocations=13 (full 2):
 PSYoungGen      total 164864K, used 164743K [0x00000000d5580000, 0x00000000e0d80000, 0x0000000100000000)
  eden space 155648K, 100% used [0x00000000d5580000,0x00000000ded80000,0x00000000ded80000)
  from space 9216K, 98% used [0x00000000e0480000,0x00000000e0d61ed0,0x00000000e0d80000)
  to   space 12800K, 0% used [0x00000000df480000,0x00000000df480000,0x00000000e0100000)
 ParOldGen       total 75776K, used 18451K [0x0000000080000000, 0x0000000084a00000, 0x00000000d5580000)
  object space 75776K, 24% used [0x0000000080000000,0x0000000081204e30,0x0000000084a00000)
 Metaspace       used 52594K, capacity 54686K, committed 55040K, reserved 1097728K
  class space    used 6971K, capacity 7405K, committed 7424K, reserved 1048576K
Event: 12.725 GC heap after
Heap after GC invocations=13 (full 2):
 PSYoungGen      total 175616K, used 12785K [0x00000000d5580000, 0x00000000e3c80000, 0x0000000100000000)
  eden space 162816K, 0% used [0x00000000d5580000,0x00000000d5580000,0x00000000df480000)
  from space 12800K, 99% used [0x00000000df480000,0x00000000e00fc7d0,0x00000000e0100000)
  to   space 18944K, 0% used [0x00000000e2a00000,0x00000000e2a00000,0x00000000e3c80000)
 ParOldGen       total 75776K, used 30505K [0x0000000080000000, 0x0000000084a00000, 0x00000000d5580000)
  object space 75776K, 40% used [0x0000000080000000,0x0000000081dca5e0,0x0000000084a00000)
 Metaspace       used 52594K, capacity 54686K, committed 55040K, reserved 1097728K
  class space    used 6971K, capacity 7405K, committed 7424K, reserved 1048576K
}
Event: 13.523 GC heap before
{Heap before GC invocations=14 (full 2):
 PSYoungGen      total 175616K, used 53231K [0x00000000d5580000, 0x00000000e3c80000, 0x0000000100000000)
  eden space 162816K, 24% used [0x00000000d5580000,0x00000000d7cff800,0x00000000df480000)
  from space 12800K, 99% used [0x00000000df480000,0x00000000e00fc7d0,0x00000000e0100000)
  to   space 18944K, 0% used [0x00000000e2a00000,0x00000000e2a00000,0x00000000e3c80000)
 ParOldGen       total 75776K, used 30505K [0x0000000080000000, 0x0000000084a00000, 0x00000000d5580000)
  object space 75776K, 40% used [0x0000000080000000,0x0000000081dca5e0,0x0000000084a00000)
 Metaspace       used 56796K, capacity 59024K, committed 59096K, reserved 1099776K
  class space    used 7457K, capacity 7904K, committed 7936K, reserved 1048576K
Event: 13.543 GC heap after
Heap after GC invocations=14 (full 2):
 PSYoungGen      total 218112K, used 5017K [0x00000000d5580000, 0x00000000e4500000, 0x0000000100000000)
  eden space 199168K, 0% used [0x00000000d5580000,0x00000000d5580000,0x00000000e1800000)
  from space 18944K, 26% used [0x00000000e2a00000,0x00000000e2ee6460,0x00000000e3c80000)
  to   space 18432K, 0% used [0x00000000e1800000,0x00000000e1800000,0x00000000e2a00000)
 ParOldGen       total 75776K, used 42499K [0x0000000080000000, 0x0000000084a00000, 0x00000000d5580000)
  object space 75776K, 56% used [0x0000000080000000,0x0000000082980e48,0x0000000084a00000)
 Metaspace       used 56796K, capacity 59024K, committed 59096K, reserved 1099776K
  class space    used 7457K, capacity 7904K, committed 7936K, reserved 1048576K
}
Event: 13.543 GC heap before
{Heap before GC invocations=15 (full 3):
 PSYoungGen      total 218112K, used 5017K [0x00000000d5580000, 0x00000000e4500000, 0x0000000100000000)
  eden space 199168K, 0% used [0x00000000d5580000,0x00000000d5580000,0x00000000e1800000)
  from space 18944K, 26% used [0x00000000e2a00000,0x00000000e2ee6460,0x00000000e3c80000)
  to   space 18432K, 0% used [0x00000000e1800000,0x00000000e1800000,0x00000000e2a00000)
 ParOldGen       total 75776K, used 42499K [0x0000000080000000, 0x0000000084a00000, 0x00000000d5580000)
  object space 75776K, 56% used [0x0000000080000000,0x0000000082980e48,0x0000000084a00000)
 Metaspace       used 56796K, capacity 59024K, committed 59096K, reserved 1099776K
  class space    used 7457K, capacity 7904K, committed 7936K, reserved 1048576K
Event: 13.725 GC heap after
Heap after GC invocations=15 (full 3):
 PSYoungGen      total 218112K, used 0K [0x00000000d5580000, 0x00000000e4500000, 0x0000000100000000)
  eden space 199168K, 0% used [0x00000000d5580000,0x00000000d5580000,0x00000000e1800000)
  from space 18944K, 0% used [0x00000000e2a00000,0x00000000e2a00000,0x00000000e3c80000)
  to   space 18432K, 0% used [0x00000000e1800000,0x00000000e1800000,0x00000000e2a00000)
 ParOldGen       total 75776K, used 31109K [0x0000000080000000, 0x0000000084a00000, 0x00000000d5580000)
  object space 75776K, 41% used [0x0000000080000000,0x0000000081e61408,0x0000000084a00000)
 Metaspace       used 56785K, capacity 59000K, committed 59096K, reserved 1099776K
  class space    used 7453K, capacity 7898K, committed 7936K, reserved 1048576K
}

